$ next dev --turbopack
   ▲ Next.js 15.5.3 (Turbopack)
   - Local:        http://localhost:3000
   - Network:      http://169.254.0.21:3000

 ✓ Starting...
 ✓ Ready in 3.6s
 ○ Compiling / ...
 ✓ Compiled / in 7.2s
 GET / 200 in 8369ms
 GET / 200 in 491ms
 ⚠ Cross origin request detected from melkchain-platform.lindy.site to /_next/* resource. In a future major version of Next.js, you will need to explicitly configure "allowedDevOrigins" in next.config to allow this.
Read more: https://nextjs.org/docs/app/api-reference/config/next-config-js/allowedDevOrigins
 ✓ Compiled /favicon.ico in 479ms
 GET /favicon.ico?favicon.bf3c9292.ico 200 in 850ms
 GET /favicon.ico?favicon.bf3c9292.ico 200 in 285ms
 GET / 200 in 412ms
 GET / 200 in 354ms
 GET /favicon.ico?favicon.bf3c9292.ico 200 in 282ms
 GET / 200 in 352ms
 GET /favicon.ico?favicon.bf3c9292.ico 200 in 283ms
 GET / 200 in 462ms
 GET /favicon.ico?favicon.bf3c9292.ico 200 in 297ms
 GET / 200 in 376ms
 GET / 200 in 414ms
 GET / 200 in 420ms
 GET / 200 in 163ms
 GET / 200 in 181ms
 GET / 200 in 166ms
 GET / 200 in 142ms
 GET / 200 in 142ms
 GET / 200 in 1227ms
 GET / 200 in 354ms
 GET /favicon.ico?favicon.bf3c9292.ico 200 in 357ms
 ○ Compiling /_not-found/page ...
 ✓ Compiled /_not-found/page in 762ms
 GET /dashbord 404 in 1011ms
 GET / 200 in 399ms
 ○ Compiling /dashboard ...
 ✓ Compiled /dashboard in 10.2s
 GET /dashboard 200 in 10700ms
 GET / 200 in 454ms
 GET / 200 in 384ms
 ✓ Compiled in 6s
 GET /dashboard 200 in 822ms
 GET /dashboard 200 in 245ms
 GET /favicon.ico?favicon.bf3c9292.ico 200 in 303ms
 GET /dashboard 200 in 247ms
 GET / 200 in 450ms
